0 info it worked if it ends with ok
1 verbose cli [ '/usr/local/bin/node',
1 verbose cli   '/usr/local/bin/npm',
1 verbose cli   'config',
1 verbose cli   'set',
1 verbose cli   'prefix',
1 verbose cli   '/usr/local' ]
2 info using npm@3.10.3
3 info using node@v6.5.0
4 verbose stack Error: EACCES: permission denied, mkdir '/user'
4 verbose stack     at Error (native)
5 verbose cwd /Users/Kevin/Documents/MSA
6 error Darwin 15.6.0
7 error argv "/usr/local/bin/node" "/usr/local/bin/npm" "config" "set" "prefix" "/usr/local"
8 error node v6.5.0
9 error npm  v3.10.3
10 error path /user
11 error code EACCES
12 error errno -13
13 error syscall mkdir
14 error Error: EACCES: permission denied, mkdir '/user'
14 error     at Error (native)
14 error  { Error: EACCES: permission denied, mkdir '/user'
14 error     at Error (native) errno: -13, code: 'EACCES', syscall: 'mkdir', path: '/user' }
15 error Please try running this command again as root/Administrator.
16 verbose exit [ -13, true ]
